<?xml version="1.0" encoding="UTF-8"?>
<!-- Generated by org.testng.reporters.JUnitXMLReporter -->
<testsuite ignored="1" hostname="DESKTOP-TE5SVVB" failures="0" tests="4" name="Test" time="0.097" errors="0" timestamp="2023-09-20T12:14:20 IST">
  <testcase classname="testng.TestNgGrouping" name="main1" time="0.011"/>
  <testcase classname="testng.TestNgGrouping" name="main3" time="0.003"/>
  <testcase classname="testng.TestNgGrouping" name="main4" time="0.002"/>
  <testcase classname="testng.TestNgGrouping" name="main5" time="0.002"/>
  <testcase classname="testng.TestNgGrouping" name="main2" time="0.0">
    <ignored/>
  </testcase> <!-- main2 -->
</testsuite> <!-- Test -->
