<?xml version="1.0" encoding="UTF-8"?>
<testng-results ignored="0" total="1" passed="1" failed="0" skipped="0">
  <reporter-output>
  </reporter-output>
  <suite started-at="2023-10-09T15:05:03 IST" name="Default suite" finished-at="2023-10-09T15:05:15 IST" duration-ms="11366">
    <groups>
    </groups>
    <test started-at="2023-10-09T15:05:03 IST" name="Default test" finished-at="2023-10-09T15:05:15 IST" duration-ms="11366">
      <class name="testng.Task_urlvalidation">
        <test-method is-config="true" signature="set()[pri:0, instance:testng.Task_urlvalidation@302c971f]" started-at="2023-10-09T15:05:03 IST" name="set" finished-at="2023-10-09T15:05:10 IST" duration-ms="7015" status="PASS">
          <reporter-output>
          </reporter-output>
        </test-method> <!-- set -->
        <test-method is-config="true" signature="urlloading()[pri:0, instance:testng.Task_urlvalidation@302c971f]" started-at="2023-10-09T15:05:10 IST" name="urlloading" finished-at="2023-10-09T15:05:14 IST" duration-ms="3618" status="PASS">
          <reporter-output>
          </reporter-output>
        </test-method> <!-- urlloading -->
        <test-method signature="test()[pri:0, instance:testng.Task_urlvalidation@302c971f]" started-at="2023-10-09T15:05:14 IST" name="test" finished-at="2023-10-09T15:05:15 IST" duration-ms="690" status="PASS">
          <reporter-output>
          </reporter-output>
        </test-method> <!-- test -->
      </class> <!-- testng.Task_urlvalidation -->
    </test> <!-- Default test -->
  </suite> <!-- Default suite -->
</testng-results>
